[2024-11-17 23:12:40] production.ERROR: No application encryption key has been specified. {"exception":"[object] (Illuminate\\Encryption\\MissingAppKeyException(code: 0): No application encryption key has been specified. at /home/bb/PhpstormProjects/Stellar.UI.Updates.App.Api/vendor/laravel/framework/src/Illuminate/Encryption/EncryptionServiceProvider.php:79)
[stacktrace]
#0 /home/bb/PhpstormProjects/Stellar.UI.Updates.App.Api/vendor/laravel/framework/src/Illuminate/Support/helpers.php(307): Illuminate\\Encryption\\EncryptionServiceProvider->Illuminate\\Encryption\\{closure}()
#1 /home/bb/PhpstormProjects/Stellar.UI.Updates.App.Api/vendor/laravel/framework/src/Illuminate/Encryption/EncryptionServiceProvider.php(81): tap()
#2 /home/bb/PhpstormProjects/Stellar.UI.Updates.App.Api/vendor/laravel/framework/src/Illuminate/Encryption/EncryptionServiceProvider.php(60): Illuminate\\Encryption\\EncryptionServiceProvider->key()
#3 /home/bb/PhpstormProjects/Stellar.UI.Updates.App.Api/vendor/laravel/framework/src/Illuminate/Encryption/EncryptionServiceProvider.php(32): Illuminate\\Encryption\\EncryptionServiceProvider->parseKey()
#4 /home/bb/PhpstormProjects/Stellar.UI.Updates.App.Api/vendor/laravel/framework/src/Illuminate/Container/Container.php(908): Illuminate\\Encryption\\EncryptionServiceProvider->Illuminate\\Encryption\\{closure}()
#5 /home/bb/PhpstormProjects/Stellar.UI.Updates.App.Api/vendor/laravel/framework/src/Illuminate/Container/Container.php(795): Illuminate\\Container\\Container->build()
#6 /home/bb/PhpstormProjects/Stellar.UI.Updates.App.Api/vendor/laravel/framework/src/Illuminate/Foundation/Application.php(957): Illuminate\\Container\\Container->resolve()
#7 /home/bb/PhpstormProjects/Stellar.UI.Updates.App.Api/vendor/laravel/framework/src/Illuminate/Container/Container.php(731): Illuminate\\Foundation\\Application->resolve()
#8 /home/bb/PhpstormProjects/Stellar.UI.Updates.App.Api/vendor/laravel/framework/src/Illuminate/Foundation/Application.php(942): Illuminate\\Container\\Container->make()
#9 /home/bb/PhpstormProjects/Stellar.UI.Updates.App.Api/vendor/laravel/framework/src/Illuminate/Container/Container.php(1066): Illuminate\\Foundation\\Application->make()
#10 /home/bb/PhpstormProjects/Stellar.UI.Updates.App.Api/vendor/laravel/framework/src/Illuminate/Container/Container.php(982): Illuminate\\Container\\Container->resolveClass()
#11 /home/bb/PhpstormProjects/Stellar.UI.Updates.App.Api/vendor/laravel/framework/src/Illuminate/Container/Container.php(943): Illuminate\\Container\\Container->resolveDependencies()
#12 /home/bb/PhpstormProjects/Stellar.UI.Updates.App.Api/vendor/laravel/framework/src/Illuminate/Container/Container.php(795): Illuminate\\Container\\Container->build()
#13 /home/bb/PhpstormProjects/Stellar.UI.Updates.App.Api/vendor/laravel/framework/src/Illuminate/Foundation/Application.php(957): Illuminate\\Container\\Container->resolve()
#14 /home/bb/PhpstormProjects/Stellar.UI.Updates.App.Api/vendor/laravel/framework/src/Illuminate/Container/Container.php(731): Illuminate\\Foundation\\Application->resolve()
#15 /home/bb/PhpstormProjects/Stellar.UI.Updates.App.Api/vendor/laravel/framework/src/Illuminate/Foundation/Application.php(942): Illuminate\\Container\\Container->make()
#16 /home/bb/PhpstormProjects/Stellar.UI.Updates.App.Api/vendor/laravel/framework/src/Illuminate/Pipeline/Pipeline.php(172): Illuminate\\Foundation\\Application->make()
#17 /home/bb/PhpstormProjects/Stellar.UI.Updates.App.Api/vendor/laravel/framework/src/Illuminate/Pipeline/Pipeline.php(119): Illuminate\\Pipeline\\Pipeline->Illuminate\\Pipeline\\{closure}()
#18 /home/bb/PhpstormProjects/Stellar.UI.Updates.App.Api/vendor/laravel/framework/src/Illuminate/Routing/Router.php(807): Illuminate\\Pipeline\\Pipeline->then()
#19 /home/bb/PhpstormProjects/Stellar.UI.Updates.App.Api/vendor/laravel/framework/src/Illuminate/Routing/Router.php(784): Illuminate\\Routing\\Router->runRouteWithinStack()
#20 /home/bb/PhpstormProjects/Stellar.UI.Updates.App.Api/vendor/laravel/framework/src/Illuminate/Routing/Router.php(748): Illuminate\\Routing\\Router->runRoute()
#21 /home/bb/PhpstormProjects/Stellar.UI.Updates.App.Api/vendor/laravel/framework/src/Illuminate/Routing/Router.php(737): Illuminate\\Routing\\Router->dispatchToRoute()
#22 /home/bb/PhpstormProjects/Stellar.UI.Updates.App.Api/vendor/laravel/framework/src/Illuminate/Foundation/Http/Kernel.php(200): Illuminate\\Routing\\Router->dispatch()
#23 /home/bb/PhpstormProjects/Stellar.UI.Updates.App.Api/vendor/laravel/framework/src/Illuminate/Pipeline/Pipeline.php(144): Illuminate\\Foundation\\Http\\Kernel->Illuminate\\Foundation\\Http\\{closure}()
#24 /home/bb/PhpstormProjects/Stellar.UI.Updates.App.Api/vendor/laravel/framework/src/Illuminate/Foundation/Http/Middleware/TransformsRequest.php(21): Illuminate\\Pipeline\\Pipeline->Illuminate\\Pipeline\\{closure}()
#25 /home/bb/PhpstormProjects/Stellar.UI.Updates.App.Api/vendor/laravel/framework/src/Illuminate/Foundation/Http/Middleware/ConvertEmptyStringsToNull.php(31): Illuminate\\Foundation\\Http\\Middleware\\TransformsRequest->handle()
#26 /home/bb/PhpstormProjects/Stellar.UI.Updates.App.Api/vendor/laravel/framework/src/Illuminate/Pipeline/Pipeline.php(183): Illuminate\\Foundation\\Http\\Middleware\\ConvertEmptyStringsToNull->handle()
#27 /home/bb/PhpstormProjects/Stellar.UI.Updates.App.Api/vendor/laravel/framework/src/Illuminate/Foundation/Http/Middleware/TransformsRequest.php(21): Illuminate\\Pipeline\\Pipeline->Illuminate\\Pipeline\\{closure}()
#28 /home/bb/PhpstormProjects/Stellar.UI.Updates.App.Api/vendor/laravel/framework/src/Illuminate/Foundation/Http/Middleware/TrimStrings.php(40): Illuminate\\Foundation\\Http\\Middleware\\TransformsRequest->handle()
#29 /home/bb/PhpstormProjects/Stellar.UI.Updates.App.Api/vendor/laravel/framework/src/Illuminate/Pipeline/Pipeline.php(183): Illuminate\\Foundation\\Http\\Middleware\\TrimStrings->handle()
#30 /home/bb/PhpstormProjects/Stellar.UI.Updates.App.Api/vendor/laravel/framework/src/Illuminate/Foundation/Http/Middleware/ValidatePostSize.php(27): Illuminate\\Pipeline\\Pipeline->Illuminate\\Pipeline\\{closure}()
#31 /home/bb/PhpstormProjects/Stellar.UI.Updates.App.Api/vendor/laravel/framework/src/Illuminate/Pipeline/Pipeline.php(183): Illuminate\\Foundation\\Http\\Middleware\\ValidatePostSize->handle()
#32 /home/bb/PhpstormProjects/Stellar.UI.Updates.App.Api/vendor/laravel/framework/src/Illuminate/Foundation/Http/Middleware/PreventRequestsDuringMaintenance.php(99): Illuminate\\Pipeline\\Pipeline->Illuminate\\Pipeline\\{closure}()
#33 /home/bb/PhpstormProjects/Stellar.UI.Updates.App.Api/vendor/laravel/framework/src/Illuminate/Pipeline/Pipeline.php(183): Illuminate\\Foundation\\Http\\Middleware\\PreventRequestsDuringMaintenance->handle()
#34 /home/bb/PhpstormProjects/Stellar.UI.Updates.App.Api/vendor/laravel/framework/src/Illuminate/Http/Middleware/HandleCors.php(49): Illuminate\\Pipeline\\Pipeline->Illuminate\\Pipeline\\{closure}()
#35 /home/bb/PhpstormProjects/Stellar.UI.Updates.App.Api/vendor/laravel/framework/src/Illuminate/Pipeline/Pipeline.php(183): Illuminate\\Http\\Middleware\\HandleCors->handle()
#36 /home/bb/PhpstormProjects/Stellar.UI.Updates.App.Api/vendor/laravel/framework/src/Illuminate/Http/Middleware/TrustProxies.php(39): Illuminate\\Pipeline\\Pipeline->Illuminate\\Pipeline\\{closure}()
#37 /home/bb/PhpstormProjects/Stellar.UI.Updates.App.Api/vendor/laravel/framework/src/Illuminate/Pipeline/Pipeline.php(183): Illuminate\\Http\\Middleware\\TrustProxies->handle()
#38 /home/bb/PhpstormProjects/Stellar.UI.Updates.App.Api/vendor/mondago/laravel-application-insights/src/Middleware/TrackRequest.php(29): Illuminate\\Pipeline\\Pipeline->Illuminate\\Pipeline\\{closure}()
#39 /home/bb/PhpstormProjects/Stellar.UI.Updates.App.Api/vendor/laravel/framework/src/Illuminate/Pipeline/Pipeline.php(183): Mondago\\ApplicationInsights\\Middleware\\TrackRequest->handle()
#40 /home/bb/PhpstormProjects/Stellar.UI.Updates.App.Api/vendor/laravel/framework/src/Illuminate/Pipeline/Pipeline.php(119): Illuminate\\Pipeline\\Pipeline->Illuminate\\Pipeline\\{closure}()
#41 /home/bb/PhpstormProjects/Stellar.UI.Updates.App.Api/vendor/laravel/framework/src/Illuminate/Foundation/Http/Kernel.php(175): Illuminate\\Pipeline\\Pipeline->then()
#42 /home/bb/PhpstormProjects/Stellar.UI.Updates.App.Api/vendor/laravel/framework/src/Illuminate/Foundation/Http/Kernel.php(144): Illuminate\\Foundation\\Http\\Kernel->sendRequestThroughRouter()
#43 /home/bb/PhpstormProjects/Stellar.UI.Updates.App.Api/public/index.php(52): Illuminate\\Foundation\\Http\\Kernel->handle()
#44 /home/bb/PhpstormProjects/Stellar.UI.Updates.App.Api/vendor/laravel/framework/src/Illuminate/Foundation/resources/server.php(16): require_once('...')
#45 {main}
"} 
[2024-11-17 23:12:40] production.ERROR: No application encryption key has been specified. {"exception":"[object] (Illuminate\\Encryption\\MissingAppKeyException(code: 0): No application encryption key has been specified. at /home/bb/PhpstormProjects/Stellar.UI.Updates.App.Api/vendor/laravel/framework/src/Illuminate/Encryption/EncryptionServiceProvider.php:79)
[stacktrace]
#0 /home/bb/PhpstormProjects/Stellar.UI.Updates.App.Api/vendor/laravel/framework/src/Illuminate/Support/helpers.php(307): Illuminate\\Encryption\\EncryptionServiceProvider->Illuminate\\Encryption\\{closure}()
#1 /home/bb/PhpstormProjects/Stellar.UI.Updates.App.Api/vendor/laravel/framework/src/Illuminate/Encryption/EncryptionServiceProvider.php(81): tap()
#2 /home/bb/PhpstormProjects/Stellar.UI.Updates.App.Api/vendor/laravel/framework/src/Illuminate/Encryption/EncryptionServiceProvider.php(60): Illuminate\\Encryption\\EncryptionServiceProvider->key()
#3 /home/bb/PhpstormProjects/Stellar.UI.Updates.App.Api/vendor/laravel/framework/src/Illuminate/Encryption/EncryptionServiceProvider.php(32): Illuminate\\Encryption\\EncryptionServiceProvider->parseKey()
#4 /home/bb/PhpstormProjects/Stellar.UI.Updates.App.Api/vendor/laravel/framework/src/Illuminate/Container/Container.php(908): Illuminate\\Encryption\\EncryptionServiceProvider->Illuminate\\Encryption\\{closure}()
#5 /home/bb/PhpstormProjects/Stellar.UI.Updates.App.Api/vendor/laravel/framework/src/Illuminate/Container/Container.php(795): Illuminate\\Container\\Container->build()
#6 /home/bb/PhpstormProjects/Stellar.UI.Updates.App.Api/vendor/laravel/framework/src/Illuminate/Foundation/Application.php(957): Illuminate\\Container\\Container->resolve()
#7 /home/bb/PhpstormProjects/Stellar.UI.Updates.App.Api/vendor/laravel/framework/src/Illuminate/Container/Container.php(731): Illuminate\\Foundation\\Application->resolve()
#8 /home/bb/PhpstormProjects/Stellar.UI.Updates.App.Api/vendor/laravel/framework/src/Illuminate/Foundation/Application.php(942): Illuminate\\Container\\Container->make()
#9 /home/bb/PhpstormProjects/Stellar.UI.Updates.App.Api/vendor/laravel/framework/src/Illuminate/Container/Container.php(1066): Illuminate\\Foundation\\Application->make()
#10 /home/bb/PhpstormProjects/Stellar.UI.Updates.App.Api/vendor/laravel/framework/src/Illuminate/Container/Container.php(982): Illuminate\\Container\\Container->resolveClass()
#11 /home/bb/PhpstormProjects/Stellar.UI.Updates.App.Api/vendor/laravel/framework/src/Illuminate/Container/Container.php(943): Illuminate\\Container\\Container->resolveDependencies()
#12 /home/bb/PhpstormProjects/Stellar.UI.Updates.App.Api/vendor/laravel/framework/src/Illuminate/Container/Container.php(795): Illuminate\\Container\\Container->build()
#13 /home/bb/PhpstormProjects/Stellar.UI.Updates.App.Api/vendor/laravel/framework/src/Illuminate/Foundation/Application.php(957): Illuminate\\Container\\Container->resolve()
#14 /home/bb/PhpstormProjects/Stellar.UI.Updates.App.Api/vendor/laravel/framework/src/Illuminate/Container/Container.php(731): Illuminate\\Foundation\\Application->resolve()
#15 /home/bb/PhpstormProjects/Stellar.UI.Updates.App.Api/vendor/laravel/framework/src/Illuminate/Foundation/Application.php(942): Illuminate\\Container\\Container->make()
#16 /home/bb/PhpstormProjects/Stellar.UI.Updates.App.Api/vendor/laravel/framework/src/Illuminate/Foundation/Http/Kernel.php(255): Illuminate\\Foundation\\Application->make()
#17 /home/bb/PhpstormProjects/Stellar.UI.Updates.App.Api/vendor/laravel/framework/src/Illuminate/Foundation/Http/Kernel.php(213): Illuminate\\Foundation\\Http\\Kernel->terminateMiddleware()
#18 /home/bb/PhpstormProjects/Stellar.UI.Updates.App.Api/public/index.php(55): Illuminate\\Foundation\\Http\\Kernel->terminate()
#19 /home/bb/PhpstormProjects/Stellar.UI.Updates.App.Api/vendor/laravel/framework/src/Illuminate/Foundation/resources/server.php(16): require_once('...')
#20 {main}
"} 
[2024-11-17 23:13:22] production.ERROR: Method Illuminate\Routing\ResponseFactory::get does not exist. {"exception":"[object] (BadMethodCallException(code: 0): Method Illuminate\\Routing\\ResponseFactory::get does not exist. at /home/bb/PhpstormProjects/Stellar.UI.Updates.App.Api/vendor/laravel/framework/src/Illuminate/Macroable/Traits/Macroable.php:112)
[stacktrace]
#0 /home/bb/PhpstormProjects/Stellar.UI.Updates.App.Api/app/Http/Controllers/V1/UpdatesController.php(25): Illuminate\\Routing\\ResponseFactory->__call()
#1 /home/bb/PhpstormProjects/Stellar.UI.Updates.App.Api/vendor/laravel/framework/src/Illuminate/Routing/Controller.php(54): App\\Http\\Controllers\\V1\\UpdatesController->updates()
#2 /home/bb/PhpstormProjects/Stellar.UI.Updates.App.Api/vendor/laravel/framework/src/Illuminate/Routing/ControllerDispatcher.php(43): Illuminate\\Routing\\Controller->callAction()
#3 /home/bb/PhpstormProjects/Stellar.UI.Updates.App.Api/vendor/laravel/framework/src/Illuminate/Routing/Route.php(260): Illuminate\\Routing\\ControllerDispatcher->dispatch()
#4 /home/bb/PhpstormProjects/Stellar.UI.Updates.App.Api/vendor/laravel/framework/src/Illuminate/Routing/Route.php(205): Illuminate\\Routing\\Route->runController()
#5 /home/bb/PhpstormProjects/Stellar.UI.Updates.App.Api/vendor/laravel/framework/src/Illuminate/Routing/Router.php(806): Illuminate\\Routing\\Route->run()
#6 /home/bb/PhpstormProjects/Stellar.UI.Updates.App.Api/vendor/laravel/framework/src/Illuminate/Pipeline/Pipeline.php(144): Illuminate\\Routing\\Router->Illuminate\\Routing\\{closure}()
#7 /home/bb/PhpstormProjects/Stellar.UI.Updates.App.Api/vendor/laravel/framework/src/Illuminate/Routing/Middleware/SubstituteBindings.php(50): Illuminate\\Pipeline\\Pipeline->Illuminate\\Pipeline\\{closure}()
#8 /home/bb/PhpstormProjects/Stellar.UI.Updates.App.Api/vendor/laravel/framework/src/Illuminate/Pipeline/Pipeline.php(183): Illuminate\\Routing\\Middleware\\SubstituteBindings->handle()
#9 /home/bb/PhpstormProjects/Stellar.UI.Updates.App.Api/vendor/laravel/framework/src/Illuminate/Routing/Middleware/ThrottleRequests.php(159): Illuminate\\Pipeline\\Pipeline->Illuminate\\Pipeline\\{closure}()
#10 /home/bb/PhpstormProjects/Stellar.UI.Updates.App.Api/vendor/laravel/framework/src/Illuminate/Routing/Middleware/ThrottleRequests.php(135): Illuminate\\Routing\\Middleware\\ThrottleRequests->handleRequest()
#11 /home/bb/PhpstormProjects/Stellar.UI.Updates.App.Api/vendor/laravel/framework/src/Illuminate/Routing/Middleware/ThrottleRequests.php(87): Illuminate\\Routing\\Middleware\\ThrottleRequests->handleRequestUsingNamedLimiter()
#12 /home/bb/PhpstormProjects/Stellar.UI.Updates.App.Api/vendor/laravel/framework/src/Illuminate/Pipeline/Pipeline.php(183): Illuminate\\Routing\\Middleware\\ThrottleRequests->handle()
#13 /home/bb/PhpstormProjects/Stellar.UI.Updates.App.Api/vendor/laravel/framework/src/Illuminate/Pipeline/Pipeline.php(119): Illuminate\\Pipeline\\Pipeline->Illuminate\\Pipeline\\{closure}()
#14 /home/bb/PhpstormProjects/Stellar.UI.Updates.App.Api/vendor/laravel/framework/src/Illuminate/Routing/Router.php(807): Illuminate\\Pipeline\\Pipeline->then()
#15 /home/bb/PhpstormProjects/Stellar.UI.Updates.App.Api/vendor/laravel/framework/src/Illuminate/Routing/Router.php(784): Illuminate\\Routing\\Router->runRouteWithinStack()
#16 /home/bb/PhpstormProjects/Stellar.UI.Updates.App.Api/vendor/laravel/framework/src/Illuminate/Routing/Router.php(748): Illuminate\\Routing\\Router->runRoute()
#17 /home/bb/PhpstormProjects/Stellar.UI.Updates.App.Api/vendor/laravel/framework/src/Illuminate/Routing/Router.php(737): Illuminate\\Routing\\Router->dispatchToRoute()
#18 /home/bb/PhpstormProjects/Stellar.UI.Updates.App.Api/vendor/laravel/framework/src/Illuminate/Foundation/Http/Kernel.php(200): Illuminate\\Routing\\Router->dispatch()
#19 /home/bb/PhpstormProjects/Stellar.UI.Updates.App.Api/vendor/laravel/framework/src/Illuminate/Pipeline/Pipeline.php(144): Illuminate\\Foundation\\Http\\Kernel->Illuminate\\Foundation\\Http\\{closure}()
#20 /home/bb/PhpstormProjects/Stellar.UI.Updates.App.Api/vendor/laravel/framework/src/Illuminate/Foundation/Http/Middleware/TransformsRequest.php(21): Illuminate\\Pipeline\\Pipeline->Illuminate\\Pipeline\\{closure}()
#21 /home/bb/PhpstormProjects/Stellar.UI.Updates.App.Api/vendor/laravel/framework/src/Illuminate/Foundation/Http/Middleware/ConvertEmptyStringsToNull.php(31): Illuminate\\Foundation\\Http\\Middleware\\TransformsRequest->handle()
#22 /home/bb/PhpstormProjects/Stellar.UI.Updates.App.Api/vendor/laravel/framework/src/Illuminate/Pipeline/Pipeline.php(183): Illuminate\\Foundation\\Http\\Middleware\\ConvertEmptyStringsToNull->handle()
#23 /home/bb/PhpstormProjects/Stellar.UI.Updates.App.Api/vendor/laravel/framework/src/Illuminate/Foundation/Http/Middleware/TransformsRequest.php(21): Illuminate\\Pipeline\\Pipeline->Illuminate\\Pipeline\\{closure}()
#24 /home/bb/PhpstormProjects/Stellar.UI.Updates.App.Api/vendor/laravel/framework/src/Illuminate/Foundation/Http/Middleware/TrimStrings.php(40): Illuminate\\Foundation\\Http\\Middleware\\TransformsRequest->handle()
#25 /home/bb/PhpstormProjects/Stellar.UI.Updates.App.Api/vendor/laravel/framework/src/Illuminate/Pipeline/Pipeline.php(183): Illuminate\\Foundation\\Http\\Middleware\\TrimStrings->handle()
#26 /home/bb/PhpstormProjects/Stellar.UI.Updates.App.Api/vendor/laravel/framework/src/Illuminate/Foundation/Http/Middleware/ValidatePostSize.php(27): Illuminate\\Pipeline\\Pipeline->Illuminate\\Pipeline\\{closure}()
#27 /home/bb/PhpstormProjects/Stellar.UI.Updates.App.Api/vendor/laravel/framework/src/Illuminate/Pipeline/Pipeline.php(183): Illuminate\\Foundation\\Http\\Middleware\\ValidatePostSize->handle()
#28 /home/bb/PhpstormProjects/Stellar.UI.Updates.App.Api/vendor/laravel/framework/src/Illuminate/Foundation/Http/Middleware/PreventRequestsDuringMaintenance.php(99): Illuminate\\Pipeline\\Pipeline->Illuminate\\Pipeline\\{closure}()
#29 /home/bb/PhpstormProjects/Stellar.UI.Updates.App.Api/vendor/laravel/framework/src/Illuminate/Pipeline/Pipeline.php(183): Illuminate\\Foundation\\Http\\Middleware\\PreventRequestsDuringMaintenance->handle()
#30 /home/bb/PhpstormProjects/Stellar.UI.Updates.App.Api/vendor/laravel/framework/src/Illuminate/Http/Middleware/HandleCors.php(62): Illuminate\\Pipeline\\Pipeline->Illuminate\\Pipeline\\{closure}()
#31 /home/bb/PhpstormProjects/Stellar.UI.Updates.App.Api/vendor/laravel/framework/src/Illuminate/Pipeline/Pipeline.php(183): Illuminate\\Http\\Middleware\\HandleCors->handle()
#32 /home/bb/PhpstormProjects/Stellar.UI.Updates.App.Api/vendor/laravel/framework/src/Illuminate/Http/Middleware/TrustProxies.php(39): Illuminate\\Pipeline\\Pipeline->Illuminate\\Pipeline\\{closure}()
#33 /home/bb/PhpstormProjects/Stellar.UI.Updates.App.Api/vendor/laravel/framework/src/Illuminate/Pipeline/Pipeline.php(183): Illuminate\\Http\\Middleware\\TrustProxies->handle()
#34 /home/bb/PhpstormProjects/Stellar.UI.Updates.App.Api/vendor/mondago/laravel-application-insights/src/Middleware/TrackRequest.php(29): Illuminate\\Pipeline\\Pipeline->Illuminate\\Pipeline\\{closure}()
#35 /home/bb/PhpstormProjects/Stellar.UI.Updates.App.Api/vendor/laravel/framework/src/Illuminate/Pipeline/Pipeline.php(183): Mondago\\ApplicationInsights\\Middleware\\TrackRequest->handle()
#36 /home/bb/PhpstormProjects/Stellar.UI.Updates.App.Api/vendor/laravel/framework/src/Illuminate/Pipeline/Pipeline.php(119): Illuminate\\Pipeline\\Pipeline->Illuminate\\Pipeline\\{closure}()
#37 /home/bb/PhpstormProjects/Stellar.UI.Updates.App.Api/vendor/laravel/framework/src/Illuminate/Foundation/Http/Kernel.php(175): Illuminate\\Pipeline\\Pipeline->then()
#38 /home/bb/PhpstormProjects/Stellar.UI.Updates.App.Api/vendor/laravel/framework/src/Illuminate/Foundation/Http/Kernel.php(144): Illuminate\\Foundation\\Http\\Kernel->sendRequestThroughRouter()
#39 /home/bb/PhpstormProjects/Stellar.UI.Updates.App.Api/public/index.php(52): Illuminate\\Foundation\\Http\\Kernel->handle()
#40 /home/bb/PhpstormProjects/Stellar.UI.Updates.App.Api/vendor/laravel/framework/src/Illuminate/Foundation/resources/server.php(16): require_once('...')
#41 {main}
"} 
[2024-11-17 23:13:33] local.ERROR: Method Illuminate\Routing\ResponseFactory::get does not exist. {"exception":"[object] (BadMethodCallException(code: 0): Method Illuminate\\Routing\\ResponseFactory::get does not exist. at /home/bb/PhpstormProjects/Stellar.UI.Updates.App.Api/vendor/laravel/framework/src/Illuminate/Macroable/Traits/Macroable.php:112)
[stacktrace]
#0 /home/bb/PhpstormProjects/Stellar.UI.Updates.App.Api/app/Http/Controllers/V1/UpdatesController.php(25): Illuminate\\Routing\\ResponseFactory->__call()
#1 /home/bb/PhpstormProjects/Stellar.UI.Updates.App.Api/vendor/laravel/framework/src/Illuminate/Routing/Controller.php(54): App\\Http\\Controllers\\V1\\UpdatesController->updates()
#2 /home/bb/PhpstormProjects/Stellar.UI.Updates.App.Api/vendor/laravel/framework/src/Illuminate/Routing/ControllerDispatcher.php(43): Illuminate\\Routing\\Controller->callAction()
#3 /home/bb/PhpstormProjects/Stellar.UI.Updates.App.Api/vendor/laravel/framework/src/Illuminate/Routing/Route.php(260): Illuminate\\Routing\\ControllerDispatcher->dispatch()
#4 /home/bb/PhpstormProjects/Stellar.UI.Updates.App.Api/vendor/laravel/framework/src/Illuminate/Routing/Route.php(205): Illuminate\\Routing\\Route->runController()
#5 /home/bb/PhpstormProjects/Stellar.UI.Updates.App.Api/vendor/laravel/framework/src/Illuminate/Routing/Router.php(806): Illuminate\\Routing\\Route->run()
#6 /home/bb/PhpstormProjects/Stellar.UI.Updates.App.Api/vendor/laravel/framework/src/Illuminate/Pipeline/Pipeline.php(144): Illuminate\\Routing\\Router->Illuminate\\Routing\\{closure}()
#7 /home/bb/PhpstormProjects/Stellar.UI.Updates.App.Api/vendor/laravel/framework/src/Illuminate/Routing/Middleware/SubstituteBindings.php(50): Illuminate\\Pipeline\\Pipeline->Illuminate\\Pipeline\\{closure}()
#8 /home/bb/PhpstormProjects/Stellar.UI.Updates.App.Api/vendor/laravel/framework/src/Illuminate/Pipeline/Pipeline.php(183): Illuminate\\Routing\\Middleware\\SubstituteBindings->handle()
#9 /home/bb/PhpstormProjects/Stellar.UI.Updates.App.Api/vendor/laravel/framework/src/Illuminate/Routing/Middleware/ThrottleRequests.php(159): Illuminate\\Pipeline\\Pipeline->Illuminate\\Pipeline\\{closure}()
#10 /home/bb/PhpstormProjects/Stellar.UI.Updates.App.Api/vendor/laravel/framework/src/Illuminate/Routing/Middleware/ThrottleRequests.php(135): Illuminate\\Routing\\Middleware\\ThrottleRequests->handleRequest()
#11 /home/bb/PhpstormProjects/Stellar.UI.Updates.App.Api/vendor/laravel/framework/src/Illuminate/Routing/Middleware/ThrottleRequests.php(87): Illuminate\\Routing\\Middleware\\ThrottleRequests->handleRequestUsingNamedLimiter()
#12 /home/bb/PhpstormProjects/Stellar.UI.Updates.App.Api/vendor/laravel/framework/src/Illuminate/Pipeline/Pipeline.php(183): Illuminate\\Routing\\Middleware\\ThrottleRequests->handle()
#13 /home/bb/PhpstormProjects/Stellar.UI.Updates.App.Api/vendor/laravel/framework/src/Illuminate/Pipeline/Pipeline.php(119): Illuminate\\Pipeline\\Pipeline->Illuminate\\Pipeline\\{closure}()
#14 /home/bb/PhpstormProjects/Stellar.UI.Updates.App.Api/vendor/laravel/framework/src/Illuminate/Routing/Router.php(807): Illuminate\\Pipeline\\Pipeline->then()
#15 /home/bb/PhpstormProjects/Stellar.UI.Updates.App.Api/vendor/laravel/framework/src/Illuminate/Routing/Router.php(784): Illuminate\\Routing\\Router->runRouteWithinStack()
#16 /home/bb/PhpstormProjects/Stellar.UI.Updates.App.Api/vendor/laravel/framework/src/Illuminate/Routing/Router.php(748): Illuminate\\Routing\\Router->runRoute()
#17 /home/bb/PhpstormProjects/Stellar.UI.Updates.App.Api/vendor/laravel/framework/src/Illuminate/Routing/Router.php(737): Illuminate\\Routing\\Router->dispatchToRoute()
#18 /home/bb/PhpstormProjects/Stellar.UI.Updates.App.Api/vendor/laravel/framework/src/Illuminate/Foundation/Http/Kernel.php(200): Illuminate\\Routing\\Router->dispatch()
#19 /home/bb/PhpstormProjects/Stellar.UI.Updates.App.Api/vendor/laravel/framework/src/Illuminate/Pipeline/Pipeline.php(144): Illuminate\\Foundation\\Http\\Kernel->Illuminate\\Foundation\\Http\\{closure}()
#20 /home/bb/PhpstormProjects/Stellar.UI.Updates.App.Api/vendor/laravel/framework/src/Illuminate/Foundation/Http/Middleware/TransformsRequest.php(21): Illuminate\\Pipeline\\Pipeline->Illuminate\\Pipeline\\{closure}()
#21 /home/bb/PhpstormProjects/Stellar.UI.Updates.App.Api/vendor/laravel/framework/src/Illuminate/Foundation/Http/Middleware/ConvertEmptyStringsToNull.php(31): Illuminate\\Foundation\\Http\\Middleware\\TransformsRequest->handle()
#22 /home/bb/PhpstormProjects/Stellar.UI.Updates.App.Api/vendor/laravel/framework/src/Illuminate/Pipeline/Pipeline.php(183): Illuminate\\Foundation\\Http\\Middleware\\ConvertEmptyStringsToNull->handle()
#23 /home/bb/PhpstormProjects/Stellar.UI.Updates.App.Api/vendor/laravel/framework/src/Illuminate/Foundation/Http/Middleware/TransformsRequest.php(21): Illuminate\\Pipeline\\Pipeline->Illuminate\\Pipeline\\{closure}()
#24 /home/bb/PhpstormProjects/Stellar.UI.Updates.App.Api/vendor/laravel/framework/src/Illuminate/Foundation/Http/Middleware/TrimStrings.php(40): Illuminate\\Foundation\\Http\\Middleware\\TransformsRequest->handle()
#25 /home/bb/PhpstormProjects/Stellar.UI.Updates.App.Api/vendor/laravel/framework/src/Illuminate/Pipeline/Pipeline.php(183): Illuminate\\Foundation\\Http\\Middleware\\TrimStrings->handle()
#26 /home/bb/PhpstormProjects/Stellar.UI.Updates.App.Api/vendor/laravel/framework/src/Illuminate/Foundation/Http/Middleware/ValidatePostSize.php(27): Illuminate\\Pipeline\\Pipeline->Illuminate\\Pipeline\\{closure}()
#27 /home/bb/PhpstormProjects/Stellar.UI.Updates.App.Api/vendor/laravel/framework/src/Illuminate/Pipeline/Pipeline.php(183): Illuminate\\Foundation\\Http\\Middleware\\ValidatePostSize->handle()
#28 /home/bb/PhpstormProjects/Stellar.UI.Updates.App.Api/vendor/laravel/framework/src/Illuminate/Foundation/Http/Middleware/PreventRequestsDuringMaintenance.php(99): Illuminate\\Pipeline\\Pipeline->Illuminate\\Pipeline\\{closure}()
#29 /home/bb/PhpstormProjects/Stellar.UI.Updates.App.Api/vendor/laravel/framework/src/Illuminate/Pipeline/Pipeline.php(183): Illuminate\\Foundation\\Http\\Middleware\\PreventRequestsDuringMaintenance->handle()
#30 /home/bb/PhpstormProjects/Stellar.UI.Updates.App.Api/vendor/laravel/framework/src/Illuminate/Http/Middleware/HandleCors.php(62): Illuminate\\Pipeline\\Pipeline->Illuminate\\Pipeline\\{closure}()
#31 /home/bb/PhpstormProjects/Stellar.UI.Updates.App.Api/vendor/laravel/framework/src/Illuminate/Pipeline/Pipeline.php(183): Illuminate\\Http\\Middleware\\HandleCors->handle()
#32 /home/bb/PhpstormProjects/Stellar.UI.Updates.App.Api/vendor/laravel/framework/src/Illuminate/Http/Middleware/TrustProxies.php(39): Illuminate\\Pipeline\\Pipeline->Illuminate\\Pipeline\\{closure}()
#33 /home/bb/PhpstormProjects/Stellar.UI.Updates.App.Api/vendor/laravel/framework/src/Illuminate/Pipeline/Pipeline.php(183): Illuminate\\Http\\Middleware\\TrustProxies->handle()
#34 /home/bb/PhpstormProjects/Stellar.UI.Updates.App.Api/vendor/mondago/laravel-application-insights/src/Middleware/TrackRequest.php(29): Illuminate\\Pipeline\\Pipeline->Illuminate\\Pipeline\\{closure}()
#35 /home/bb/PhpstormProjects/Stellar.UI.Updates.App.Api/vendor/laravel/framework/src/Illuminate/Pipeline/Pipeline.php(183): Mondago\\ApplicationInsights\\Middleware\\TrackRequest->handle()
#36 /home/bb/PhpstormProjects/Stellar.UI.Updates.App.Api/vendor/laravel/framework/src/Illuminate/Pipeline/Pipeline.php(119): Illuminate\\Pipeline\\Pipeline->Illuminate\\Pipeline\\{closure}()
#37 /home/bb/PhpstormProjects/Stellar.UI.Updates.App.Api/vendor/laravel/framework/src/Illuminate/Foundation/Http/Kernel.php(175): Illuminate\\Pipeline\\Pipeline->then()
#38 /home/bb/PhpstormProjects/Stellar.UI.Updates.App.Api/vendor/laravel/framework/src/Illuminate/Foundation/Http/Kernel.php(144): Illuminate\\Foundation\\Http\\Kernel->sendRequestThroughRouter()
#39 /home/bb/PhpstormProjects/Stellar.UI.Updates.App.Api/public/index.php(52): Illuminate\\Foundation\\Http\\Kernel->handle()
#40 /home/bb/PhpstormProjects/Stellar.UI.Updates.App.Api/vendor/laravel/framework/src/Illuminate/Foundation/resources/server.php(16): require_once('...')
#41 {main}
"} 
[2024-11-17 23:15:36] local.ERROR: Undefined property: stdClass::$description {"exception":"[object] (ErrorException(code: 0): Undefined property: stdClass::$description at /home/bb/PhpstormProjects/Stellar.UI.Updates.App.Api/app/Http/Controllers/V1/UpdatesController.php:32)
[stacktrace]
#0 /home/bb/PhpstormProjects/Stellar.UI.Updates.App.Api/vendor/laravel/framework/src/Illuminate/Foundation/Bootstrap/HandleExceptions.php(254): Illuminate\\Foundation\\Bootstrap\\HandleExceptions->handleError()
#1 /home/bb/PhpstormProjects/Stellar.UI.Updates.App.Api/app/Http/Controllers/V1/UpdatesController.php(32): Illuminate\\Foundation\\Bootstrap\\HandleExceptions->Illuminate\\Foundation\\Bootstrap\\{closure}()
#2 /home/bb/PhpstormProjects/Stellar.UI.Updates.App.Api/vendor/laravel/framework/src/Illuminate/Routing/Controller.php(54): App\\Http\\Controllers\\V1\\UpdatesController->updates()
#3 /home/bb/PhpstormProjects/Stellar.UI.Updates.App.Api/vendor/laravel/framework/src/Illuminate/Routing/ControllerDispatcher.php(43): Illuminate\\Routing\\Controller->callAction()
#4 /home/bb/PhpstormProjects/Stellar.UI.Updates.App.Api/vendor/laravel/framework/src/Illuminate/Routing/Route.php(260): Illuminate\\Routing\\ControllerDispatcher->dispatch()
#5 /home/bb/PhpstormProjects/Stellar.UI.Updates.App.Api/vendor/laravel/framework/src/Illuminate/Routing/Route.php(205): Illuminate\\Routing\\Route->runController()
#6 /home/bb/PhpstormProjects/Stellar.UI.Updates.App.Api/vendor/laravel/framework/src/Illuminate/Routing/Router.php(806): Illuminate\\Routing\\Route->run()
#7 /home/bb/PhpstormProjects/Stellar.UI.Updates.App.Api/vendor/laravel/framework/src/Illuminate/Pipeline/Pipeline.php(144): Illuminate\\Routing\\Router->Illuminate\\Routing\\{closure}()
#8 /home/bb/PhpstormProjects/Stellar.UI.Updates.App.Api/vendor/laravel/framework/src/Illuminate/Routing/Middleware/SubstituteBindings.php(50): Illuminate\\Pipeline\\Pipeline->Illuminate\\Pipeline\\{closure}()
#9 /home/bb/PhpstormProjects/Stellar.UI.Updates.App.Api/vendor/laravel/framework/src/Illuminate/Pipeline/Pipeline.php(183): Illuminate\\Routing\\Middleware\\SubstituteBindings->handle()
#10 /home/bb/PhpstormProjects/Stellar.UI.Updates.App.Api/vendor/laravel/framework/src/Illuminate/Routing/Middleware/ThrottleRequests.php(159): Illuminate\\Pipeline\\Pipeline->Illuminate\\Pipeline\\{closure}()
#11 /home/bb/PhpstormProjects/Stellar.UI.Updates.App.Api/vendor/laravel/framework/src/Illuminate/Routing/Middleware/ThrottleRequests.php(135): Illuminate\\Routing\\Middleware\\ThrottleRequests->handleRequest()
#12 /home/bb/PhpstormProjects/Stellar.UI.Updates.App.Api/vendor/laravel/framework/src/Illuminate/Routing/Middleware/ThrottleRequests.php(87): Illuminate\\Routing\\Middleware\\ThrottleRequests->handleRequestUsingNamedLimiter()
#13 /home/bb/PhpstormProjects/Stellar.UI.Updates.App.Api/vendor/laravel/framework/src/Illuminate/Pipeline/Pipeline.php(183): Illuminate\\Routing\\Middleware\\ThrottleRequests->handle()
#14 /home/bb/PhpstormProjects/Stellar.UI.Updates.App.Api/vendor/laravel/framework/src/Illuminate/Pipeline/Pipeline.php(119): Illuminate\\Pipeline\\Pipeline->Illuminate\\Pipeline\\{closure}()
#15 /home/bb/PhpstormProjects/Stellar.UI.Updates.App.Api/vendor/laravel/framework/src/Illuminate/Routing/Router.php(807): Illuminate\\Pipeline\\Pipeline->then()
#16 /home/bb/PhpstormProjects/Stellar.UI.Updates.App.Api/vendor/laravel/framework/src/Illuminate/Routing/Router.php(784): Illuminate\\Routing\\Router->runRouteWithinStack()
#17 /home/bb/PhpstormProjects/Stellar.UI.Updates.App.Api/vendor/laravel/framework/src/Illuminate/Routing/Router.php(748): Illuminate\\Routing\\Router->runRoute()
#18 /home/bb/PhpstormProjects/Stellar.UI.Updates.App.Api/vendor/laravel/framework/src/Illuminate/Routing/Router.php(737): Illuminate\\Routing\\Router->dispatchToRoute()
#19 /home/bb/PhpstormProjects/Stellar.UI.Updates.App.Api/vendor/laravel/framework/src/Illuminate/Foundation/Http/Kernel.php(200): Illuminate\\Routing\\Router->dispatch()
#20 /home/bb/PhpstormProjects/Stellar.UI.Updates.App.Api/vendor/laravel/framework/src/Illuminate/Pipeline/Pipeline.php(144): Illuminate\\Foundation\\Http\\Kernel->Illuminate\\Foundation\\Http\\{closure}()
#21 /home/bb/PhpstormProjects/Stellar.UI.Updates.App.Api/vendor/laravel/framework/src/Illuminate/Foundation/Http/Middleware/TransformsRequest.php(21): Illuminate\\Pipeline\\Pipeline->Illuminate\\Pipeline\\{closure}()
#22 /home/bb/PhpstormProjects/Stellar.UI.Updates.App.Api/vendor/laravel/framework/src/Illuminate/Foundation/Http/Middleware/ConvertEmptyStringsToNull.php(31): Illuminate\\Foundation\\Http\\Middleware\\TransformsRequest->handle()
#23 /home/bb/PhpstormProjects/Stellar.UI.Updates.App.Api/vendor/laravel/framework/src/Illuminate/Pipeline/Pipeline.php(183): Illuminate\\Foundation\\Http\\Middleware\\ConvertEmptyStringsToNull->handle()
#24 /home/bb/PhpstormProjects/Stellar.UI.Updates.App.Api/vendor/laravel/framework/src/Illuminate/Foundation/Http/Middleware/TransformsRequest.php(21): Illuminate\\Pipeline\\Pipeline->Illuminate\\Pipeline\\{closure}()
#25 /home/bb/PhpstormProjects/Stellar.UI.Updates.App.Api/vendor/laravel/framework/src/Illuminate/Foundation/Http/Middleware/TrimStrings.php(40): Illuminate\\Foundation\\Http\\Middleware\\TransformsRequest->handle()
#26 /home/bb/PhpstormProjects/Stellar.UI.Updates.App.Api/vendor/laravel/framework/src/Illuminate/Pipeline/Pipeline.php(183): Illuminate\\Foundation\\Http\\Middleware\\TrimStrings->handle()
#27 /home/bb/PhpstormProjects/Stellar.UI.Updates.App.Api/vendor/laravel/framework/src/Illuminate/Foundation/Http/Middleware/ValidatePostSize.php(27): Illuminate\\Pipeline\\Pipeline->Illuminate\\Pipeline\\{closure}()
#28 /home/bb/PhpstormProjects/Stellar.UI.Updates.App.Api/vendor/laravel/framework/src/Illuminate/Pipeline/Pipeline.php(183): Illuminate\\Foundation\\Http\\Middleware\\ValidatePostSize->handle()
#29 /home/bb/PhpstormProjects/Stellar.UI.Updates.App.Api/vendor/laravel/framework/src/Illuminate/Foundation/Http/Middleware/PreventRequestsDuringMaintenance.php(99): Illuminate\\Pipeline\\Pipeline->Illuminate\\Pipeline\\{closure}()
#30 /home/bb/PhpstormProjects/Stellar.UI.Updates.App.Api/vendor/laravel/framework/src/Illuminate/Pipeline/Pipeline.php(183): Illuminate\\Foundation\\Http\\Middleware\\PreventRequestsDuringMaintenance->handle()
#31 /home/bb/PhpstormProjects/Stellar.UI.Updates.App.Api/vendor/laravel/framework/src/Illuminate/Http/Middleware/HandleCors.php(62): Illuminate\\Pipeline\\Pipeline->Illuminate\\Pipeline\\{closure}()
#32 /home/bb/PhpstormProjects/Stellar.UI.Updates.App.Api/vendor/laravel/framework/src/Illuminate/Pipeline/Pipeline.php(183): Illuminate\\Http\\Middleware\\HandleCors->handle()
#33 /home/bb/PhpstormProjects/Stellar.UI.Updates.App.Api/vendor/laravel/framework/src/Illuminate/Http/Middleware/TrustProxies.php(39): Illuminate\\Pipeline\\Pipeline->Illuminate\\Pipeline\\{closure}()
#34 /home/bb/PhpstormProjects/Stellar.UI.Updates.App.Api/vendor/laravel/framework/src/Illuminate/Pipeline/Pipeline.php(183): Illuminate\\Http\\Middleware\\TrustProxies->handle()
#35 /home/bb/PhpstormProjects/Stellar.UI.Updates.App.Api/vendor/mondago/laravel-application-insights/src/Middleware/TrackRequest.php(29): Illuminate\\Pipeline\\Pipeline->Illuminate\\Pipeline\\{closure}()
#36 /home/bb/PhpstormProjects/Stellar.UI.Updates.App.Api/vendor/laravel/framework/src/Illuminate/Pipeline/Pipeline.php(183): Mondago\\ApplicationInsights\\Middleware\\TrackRequest->handle()
#37 /home/bb/PhpstormProjects/Stellar.UI.Updates.App.Api/vendor/laravel/framework/src/Illuminate/Pipeline/Pipeline.php(119): Illuminate\\Pipeline\\Pipeline->Illuminate\\Pipeline\\{closure}()
#38 /home/bb/PhpstormProjects/Stellar.UI.Updates.App.Api/vendor/laravel/framework/src/Illuminate/Foundation/Http/Kernel.php(175): Illuminate\\Pipeline\\Pipeline->then()
#39 /home/bb/PhpstormProjects/Stellar.UI.Updates.App.Api/vendor/laravel/framework/src/Illuminate/Foundation/Http/Kernel.php(144): Illuminate\\Foundation\\Http\\Kernel->sendRequestThroughRouter()
#40 /home/bb/PhpstormProjects/Stellar.UI.Updates.App.Api/public/index.php(52): Illuminate\\Foundation\\Http\\Kernel->handle()
#41 /home/bb/PhpstormProjects/Stellar.UI.Updates.App.Api/vendor/laravel/framework/src/Illuminate/Foundation/resources/server.php(16): require_once('...')
#42 {main}
"} 
[2024-11-17 23:16:32] local.ERROR: Attempt to read property "rendered" on string {"exception":"[object] (ErrorException(code: 0): Attempt to read property \"rendered\" on string at /home/bb/PhpstormProjects/Stellar.UI.Updates.App.Api/app/Http/Controllers/V1/UpdatesController.php:35)
[stacktrace]
#0 /home/bb/PhpstormProjects/Stellar.UI.Updates.App.Api/vendor/laravel/framework/src/Illuminate/Foundation/Bootstrap/HandleExceptions.php(254): Illuminate\\Foundation\\Bootstrap\\HandleExceptions->handleError()
#1 /home/bb/PhpstormProjects/Stellar.UI.Updates.App.Api/app/Http/Controllers/V1/UpdatesController.php(35): Illuminate\\Foundation\\Bootstrap\\HandleExceptions->Illuminate\\Foundation\\Bootstrap\\{closure}()
#2 /home/bb/PhpstormProjects/Stellar.UI.Updates.App.Api/vendor/laravel/framework/src/Illuminate/Routing/Controller.php(54): App\\Http\\Controllers\\V1\\UpdatesController->updates()
#3 /home/bb/PhpstormProjects/Stellar.UI.Updates.App.Api/vendor/laravel/framework/src/Illuminate/Routing/ControllerDispatcher.php(43): Illuminate\\Routing\\Controller->callAction()
#4 /home/bb/PhpstormProjects/Stellar.UI.Updates.App.Api/vendor/laravel/framework/src/Illuminate/Routing/Route.php(260): Illuminate\\Routing\\ControllerDispatcher->dispatch()
#5 /home/bb/PhpstormProjects/Stellar.UI.Updates.App.Api/vendor/laravel/framework/src/Illuminate/Routing/Route.php(205): Illuminate\\Routing\\Route->runController()
#6 /home/bb/PhpstormProjects/Stellar.UI.Updates.App.Api/vendor/laravel/framework/src/Illuminate/Routing/Router.php(806): Illuminate\\Routing\\Route->run()
#7 /home/bb/PhpstormProjects/Stellar.UI.Updates.App.Api/vendor/laravel/framework/src/Illuminate/Pipeline/Pipeline.php(144): Illuminate\\Routing\\Router->Illuminate\\Routing\\{closure}()
#8 /home/bb/PhpstormProjects/Stellar.UI.Updates.App.Api/vendor/laravel/framework/src/Illuminate/Routing/Middleware/SubstituteBindings.php(50): Illuminate\\Pipeline\\Pipeline->Illuminate\\Pipeline\\{closure}()
#9 /home/bb/PhpstormProjects/Stellar.UI.Updates.App.Api/vendor/laravel/framework/src/Illuminate/Pipeline/Pipeline.php(183): Illuminate\\Routing\\Middleware\\SubstituteBindings->handle()
#10 /home/bb/PhpstormProjects/Stellar.UI.Updates.App.Api/vendor/laravel/framework/src/Illuminate/Routing/Middleware/ThrottleRequests.php(159): Illuminate\\Pipeline\\Pipeline->Illuminate\\Pipeline\\{closure}()
#11 /home/bb/PhpstormProjects/Stellar.UI.Updates.App.Api/vendor/laravel/framework/src/Illuminate/Routing/Middleware/ThrottleRequests.php(135): Illuminate\\Routing\\Middleware\\ThrottleRequests->handleRequest()
#12 /home/bb/PhpstormProjects/Stellar.UI.Updates.App.Api/vendor/laravel/framework/src/Illuminate/Routing/Middleware/ThrottleRequests.php(87): Illuminate\\Routing\\Middleware\\ThrottleRequests->handleRequestUsingNamedLimiter()
#13 /home/bb/PhpstormProjects/Stellar.UI.Updates.App.Api/vendor/laravel/framework/src/Illuminate/Pipeline/Pipeline.php(183): Illuminate\\Routing\\Middleware\\ThrottleRequests->handle()
#14 /home/bb/PhpstormProjects/Stellar.UI.Updates.App.Api/vendor/laravel/framework/src/Illuminate/Pipeline/Pipeline.php(119): Illuminate\\Pipeline\\Pipeline->Illuminate\\Pipeline\\{closure}()
#15 /home/bb/PhpstormProjects/Stellar.UI.Updates.App.Api/vendor/laravel/framework/src/Illuminate/Routing/Router.php(807): Illuminate\\Pipeline\\Pipeline->then()
#16 /home/bb/PhpstormProjects/Stellar.UI.Updates.App.Api/vendor/laravel/framework/src/Illuminate/Routing/Router.php(784): Illuminate\\Routing\\Router->runRouteWithinStack()
#17 /home/bb/PhpstormProjects/Stellar.UI.Updates.App.Api/vendor/laravel/framework/src/Illuminate/Routing/Router.php(748): Illuminate\\Routing\\Router->runRoute()
#18 /home/bb/PhpstormProjects/Stellar.UI.Updates.App.Api/vendor/laravel/framework/src/Illuminate/Routing/Router.php(737): Illuminate\\Routing\\Router->dispatchToRoute()
#19 /home/bb/PhpstormProjects/Stellar.UI.Updates.App.Api/vendor/laravel/framework/src/Illuminate/Foundation/Http/Kernel.php(200): Illuminate\\Routing\\Router->dispatch()
#20 /home/bb/PhpstormProjects/Stellar.UI.Updates.App.Api/vendor/laravel/framework/src/Illuminate/Pipeline/Pipeline.php(144): Illuminate\\Foundation\\Http\\Kernel->Illuminate\\Foundation\\Http\\{closure}()
#21 /home/bb/PhpstormProjects/Stellar.UI.Updates.App.Api/vendor/laravel/framework/src/Illuminate/Foundation/Http/Middleware/TransformsRequest.php(21): Illuminate\\Pipeline\\Pipeline->Illuminate\\Pipeline\\{closure}()
#22 /home/bb/PhpstormProjects/Stellar.UI.Updates.App.Api/vendor/laravel/framework/src/Illuminate/Foundation/Http/Middleware/ConvertEmptyStringsToNull.php(31): Illuminate\\Foundation\\Http\\Middleware\\TransformsRequest->handle()
#23 /home/bb/PhpstormProjects/Stellar.UI.Updates.App.Api/vendor/laravel/framework/src/Illuminate/Pipeline/Pipeline.php(183): Illuminate\\Foundation\\Http\\Middleware\\ConvertEmptyStringsToNull->handle()
#24 /home/bb/PhpstormProjects/Stellar.UI.Updates.App.Api/vendor/laravel/framework/src/Illuminate/Foundation/Http/Middleware/TransformsRequest.php(21): Illuminate\\Pipeline\\Pipeline->Illuminate\\Pipeline\\{closure}()
#25 /home/bb/PhpstormProjects/Stellar.UI.Updates.App.Api/vendor/laravel/framework/src/Illuminate/Foundation/Http/Middleware/TrimStrings.php(40): Illuminate\\Foundation\\Http\\Middleware\\TransformsRequest->handle()
#26 /home/bb/PhpstormProjects/Stellar.UI.Updates.App.Api/vendor/laravel/framework/src/Illuminate/Pipeline/Pipeline.php(183): Illuminate\\Foundation\\Http\\Middleware\\TrimStrings->handle()
#27 /home/bb/PhpstormProjects/Stellar.UI.Updates.App.Api/vendor/laravel/framework/src/Illuminate/Foundation/Http/Middleware/ValidatePostSize.php(27): Illuminate\\Pipeline\\Pipeline->Illuminate\\Pipeline\\{closure}()
#28 /home/bb/PhpstormProjects/Stellar.UI.Updates.App.Api/vendor/laravel/framework/src/Illuminate/Pipeline/Pipeline.php(183): Illuminate\\Foundation\\Http\\Middleware\\ValidatePostSize->handle()
#29 /home/bb/PhpstormProjects/Stellar.UI.Updates.App.Api/vendor/laravel/framework/src/Illuminate/Foundation/Http/Middleware/PreventRequestsDuringMaintenance.php(99): Illuminate\\Pipeline\\Pipeline->Illuminate\\Pipeline\\{closure}()
#30 /home/bb/PhpstormProjects/Stellar.UI.Updates.App.Api/vendor/laravel/framework/src/Illuminate/Pipeline/Pipeline.php(183): Illuminate\\Foundation\\Http\\Middleware\\PreventRequestsDuringMaintenance->handle()
#31 /home/bb/PhpstormProjects/Stellar.UI.Updates.App.Api/vendor/laravel/framework/src/Illuminate/Http/Middleware/HandleCors.php(62): Illuminate\\Pipeline\\Pipeline->Illuminate\\Pipeline\\{closure}()
#32 /home/bb/PhpstormProjects/Stellar.UI.Updates.App.Api/vendor/laravel/framework/src/Illuminate/Pipeline/Pipeline.php(183): Illuminate\\Http\\Middleware\\HandleCors->handle()
#33 /home/bb/PhpstormProjects/Stellar.UI.Updates.App.Api/vendor/laravel/framework/src/Illuminate/Http/Middleware/TrustProxies.php(39): Illuminate\\Pipeline\\Pipeline->Illuminate\\Pipeline\\{closure}()
#34 /home/bb/PhpstormProjects/Stellar.UI.Updates.App.Api/vendor/laravel/framework/src/Illuminate/Pipeline/Pipeline.php(183): Illuminate\\Http\\Middleware\\TrustProxies->handle()
#35 /home/bb/PhpstormProjects/Stellar.UI.Updates.App.Api/vendor/mondago/laravel-application-insights/src/Middleware/TrackRequest.php(29): Illuminate\\Pipeline\\Pipeline->Illuminate\\Pipeline\\{closure}()
#36 /home/bb/PhpstormProjects/Stellar.UI.Updates.App.Api/vendor/laravel/framework/src/Illuminate/Pipeline/Pipeline.php(183): Mondago\\ApplicationInsights\\Middleware\\TrackRequest->handle()
#37 /home/bb/PhpstormProjects/Stellar.UI.Updates.App.Api/vendor/laravel/framework/src/Illuminate/Pipeline/Pipeline.php(119): Illuminate\\Pipeline\\Pipeline->Illuminate\\Pipeline\\{closure}()
#38 /home/bb/PhpstormProjects/Stellar.UI.Updates.App.Api/vendor/laravel/framework/src/Illuminate/Foundation/Http/Kernel.php(175): Illuminate\\Pipeline\\Pipeline->then()
#39 /home/bb/PhpstormProjects/Stellar.UI.Updates.App.Api/vendor/laravel/framework/src/Illuminate/Foundation/Http/Kernel.php(144): Illuminate\\Foundation\\Http\\Kernel->sendRequestThroughRouter()
#40 /home/bb/PhpstormProjects/Stellar.UI.Updates.App.Api/public/index.php(52): Illuminate\\Foundation\\Http\\Kernel->handle()
#41 /home/bb/PhpstormProjects/Stellar.UI.Updates.App.Api/vendor/laravel/framework/src/Illuminate/Foundation/resources/server.php(16): require_once('...')
#42 {main}
"} 
