[2023-12-21 00:26:03] local.ERROR: Call to undefined method Illuminate\Support\Facades\Request::input() {"exception":"[object] (Error(code: 0): Call to undefined method Illuminate\\Support\\Facades\\Request::input() at /home/stellar/PhpstormProjects/Stellar.UI.Updates.App.Api/app/Http/Controllers/V1/UpdatesController.php:14)
[stacktrace]
#0 /home/stellar/PhpstormProjects/Stellar.UI.Updates.App.Api/vendor/laravel/framework/src/Illuminate/Routing/Controller.php(54): App\\Http\\Controllers\\V1\\UpdatesController->updates()
#1 /home/stellar/PhpstormProjects/Stellar.UI.Updates.App.Api/vendor/laravel/framework/src/Illuminate/Routing/ControllerDispatcher.php(43): Illuminate\\Routing\\Controller->callAction()
#2 /home/stellar/PhpstormProjects/Stellar.UI.Updates.App.Api/vendor/laravel/framework/src/Illuminate/Routing/Route.php(260): Illuminate\\Routing\\ControllerDispatcher->dispatch()
#3 /home/stellar/PhpstormProjects/Stellar.UI.Updates.App.Api/vendor/laravel/framework/src/Illuminate/Routing/Route.php(205): Illuminate\\Routing\\Route->runController()
#4 /home/stellar/PhpstormProjects/Stellar.UI.Updates.App.Api/vendor/laravel/framework/src/Illuminate/Routing/Router.php(806): Illuminate\\Routing\\Route->run()
#5 /home/stellar/PhpstormProjects/Stellar.UI.Updates.App.Api/vendor/laravel/framework/src/Illuminate/Pipeline/Pipeline.php(144): Illuminate\\Routing\\Router->Illuminate\\Routing\\{closure}()
#6 /home/stellar/PhpstormProjects/Stellar.UI.Updates.App.Api/vendor/laravel/framework/src/Illuminate/Routing/Middleware/SubstituteBindings.php(50): Illuminate\\Pipeline\\Pipeline->Illuminate\\Pipeline\\{closure}()
#7 /home/stellar/PhpstormProjects/Stellar.UI.Updates.App.Api/vendor/laravel/framework/src/Illuminate/Pipeline/Pipeline.php(183): Illuminate\\Routing\\Middleware\\SubstituteBindings->handle()
#8 /home/stellar/PhpstormProjects/Stellar.UI.Updates.App.Api/vendor/laravel/framework/src/Illuminate/Routing/Middleware/ThrottleRequests.php(159): Illuminate\\Pipeline\\Pipeline->Illuminate\\Pipeline\\{closure}()
#9 /home/stellar/PhpstormProjects/Stellar.UI.Updates.App.Api/vendor/laravel/framework/src/Illuminate/Routing/Middleware/ThrottleRequests.php(135): Illuminate\\Routing\\Middleware\\ThrottleRequests->handleRequest()
#10 /home/stellar/PhpstormProjects/Stellar.UI.Updates.App.Api/vendor/laravel/framework/src/Illuminate/Routing/Middleware/ThrottleRequests.php(87): Illuminate\\Routing\\Middleware\\ThrottleRequests->handleRequestUsingNamedLimiter()
#11 /home/stellar/PhpstormProjects/Stellar.UI.Updates.App.Api/vendor/laravel/framework/src/Illuminate/Pipeline/Pipeline.php(183): Illuminate\\Routing\\Middleware\\ThrottleRequests->handle()
#12 /home/stellar/PhpstormProjects/Stellar.UI.Updates.App.Api/vendor/laravel/framework/src/Illuminate/Pipeline/Pipeline.php(119): Illuminate\\Pipeline\\Pipeline->Illuminate\\Pipeline\\{closure}()
#13 /home/stellar/PhpstormProjects/Stellar.UI.Updates.App.Api/vendor/laravel/framework/src/Illuminate/Routing/Router.php(807): Illuminate\\Pipeline\\Pipeline->then()
#14 /home/stellar/PhpstormProjects/Stellar.UI.Updates.App.Api/vendor/laravel/framework/src/Illuminate/Routing/Router.php(784): Illuminate\\Routing\\Router->runRouteWithinStack()
#15 /home/stellar/PhpstormProjects/Stellar.UI.Updates.App.Api/vendor/laravel/framework/src/Illuminate/Routing/Router.php(748): Illuminate\\Routing\\Router->runRoute()
#16 /home/stellar/PhpstormProjects/Stellar.UI.Updates.App.Api/vendor/laravel/framework/src/Illuminate/Routing/Router.php(737): Illuminate\\Routing\\Router->dispatchToRoute()
#17 /home/stellar/PhpstormProjects/Stellar.UI.Updates.App.Api/vendor/laravel/framework/src/Illuminate/Foundation/Http/Kernel.php(200): Illuminate\\Routing\\Router->dispatch()
#18 /home/stellar/PhpstormProjects/Stellar.UI.Updates.App.Api/vendor/laravel/framework/src/Illuminate/Pipeline/Pipeline.php(144): Illuminate\\Foundation\\Http\\Kernel->Illuminate\\Foundation\\Http\\{closure}()
#19 /home/stellar/PhpstormProjects/Stellar.UI.Updates.App.Api/vendor/laravel/framework/src/Illuminate/Foundation/Http/Middleware/TransformsRequest.php(21): Illuminate\\Pipeline\\Pipeline->Illuminate\\Pipeline\\{closure}()
#20 /home/stellar/PhpstormProjects/Stellar.UI.Updates.App.Api/vendor/laravel/framework/src/Illuminate/Foundation/Http/Middleware/ConvertEmptyStringsToNull.php(31): Illuminate\\Foundation\\Http\\Middleware\\TransformsRequest->handle()
#21 /home/stellar/PhpstormProjects/Stellar.UI.Updates.App.Api/vendor/laravel/framework/src/Illuminate/Pipeline/Pipeline.php(183): Illuminate\\Foundation\\Http\\Middleware\\ConvertEmptyStringsToNull->handle()
#22 /home/stellar/PhpstormProjects/Stellar.UI.Updates.App.Api/vendor/laravel/framework/src/Illuminate/Foundation/Http/Middleware/TransformsRequest.php(21): Illuminate\\Pipeline\\Pipeline->Illuminate\\Pipeline\\{closure}()
#23 /home/stellar/PhpstormProjects/Stellar.UI.Updates.App.Api/vendor/laravel/framework/src/Illuminate/Foundation/Http/Middleware/TrimStrings.php(40): Illuminate\\Foundation\\Http\\Middleware\\TransformsRequest->handle()
#24 /home/stellar/PhpstormProjects/Stellar.UI.Updates.App.Api/vendor/laravel/framework/src/Illuminate/Pipeline/Pipeline.php(183): Illuminate\\Foundation\\Http\\Middleware\\TrimStrings->handle()
#25 /home/stellar/PhpstormProjects/Stellar.UI.Updates.App.Api/vendor/laravel/framework/src/Illuminate/Foundation/Http/Middleware/ValidatePostSize.php(27): Illuminate\\Pipeline\\Pipeline->Illuminate\\Pipeline\\{closure}()
#26 /home/stellar/PhpstormProjects/Stellar.UI.Updates.App.Api/vendor/laravel/framework/src/Illuminate/Pipeline/Pipeline.php(183): Illuminate\\Foundation\\Http\\Middleware\\ValidatePostSize->handle()
#27 /home/stellar/PhpstormProjects/Stellar.UI.Updates.App.Api/vendor/laravel/framework/src/Illuminate/Foundation/Http/Middleware/PreventRequestsDuringMaintenance.php(99): Illuminate\\Pipeline\\Pipeline->Illuminate\\Pipeline\\{closure}()
#28 /home/stellar/PhpstormProjects/Stellar.UI.Updates.App.Api/vendor/laravel/framework/src/Illuminate/Pipeline/Pipeline.php(183): Illuminate\\Foundation\\Http\\Middleware\\PreventRequestsDuringMaintenance->handle()
#29 /home/stellar/PhpstormProjects/Stellar.UI.Updates.App.Api/vendor/laravel/framework/src/Illuminate/Http/Middleware/HandleCors.php(62): Illuminate\\Pipeline\\Pipeline->Illuminate\\Pipeline\\{closure}()
#30 /home/stellar/PhpstormProjects/Stellar.UI.Updates.App.Api/vendor/laravel/framework/src/Illuminate/Pipeline/Pipeline.php(183): Illuminate\\Http\\Middleware\\HandleCors->handle()
#31 /home/stellar/PhpstormProjects/Stellar.UI.Updates.App.Api/vendor/laravel/framework/src/Illuminate/Http/Middleware/TrustProxies.php(39): Illuminate\\Pipeline\\Pipeline->Illuminate\\Pipeline\\{closure}()
#32 /home/stellar/PhpstormProjects/Stellar.UI.Updates.App.Api/vendor/laravel/framework/src/Illuminate/Pipeline/Pipeline.php(183): Illuminate\\Http\\Middleware\\TrustProxies->handle()
#33 /home/stellar/PhpstormProjects/Stellar.UI.Updates.App.Api/vendor/laravel/framework/src/Illuminate/Pipeline/Pipeline.php(119): Illuminate\\Pipeline\\Pipeline->Illuminate\\Pipeline\\{closure}()
#34 /home/stellar/PhpstormProjects/Stellar.UI.Updates.App.Api/vendor/laravel/framework/src/Illuminate/Foundation/Http/Kernel.php(175): Illuminate\\Pipeline\\Pipeline->then()
#35 /home/stellar/PhpstormProjects/Stellar.UI.Updates.App.Api/vendor/laravel/framework/src/Illuminate/Foundation/Http/Kernel.php(144): Illuminate\\Foundation\\Http\\Kernel->sendRequestThroughRouter()
#36 /home/stellar/PhpstormProjects/Stellar.UI.Updates.App.Api/public/index.php(52): Illuminate\\Foundation\\Http\\Kernel->handle()
#37 /home/stellar/PhpstormProjects/Stellar.UI.Updates.App.Api/vendor/laravel/framework/src/Illuminate/Foundation/resources/server.php(16): require_once('...')
#38 {main}
"} 
